android/app/build/outputs/logs/manifest-merger-debug-report.txt
-- Merging decision tree log ---
manifest
ADDED from src/main/AndroidManifest.xml:1:1-43:12
INJECTED from src/main/AndroidManifest.xml:1:1-43:12
INJECTED from src/main/AndroidManifest.xml:1:1-43:12
INJECTED from src/main/AndroidManifest.xml:1:1-43:12
MERGED from src/main/AndroidManifest.xml:1:1-43:12
MERGED from [:react-native-oauth] AndroidManifest.xml:2:1-11:12
MERGED from [androidx.multidex:multidex:2.0.0] AndroidManifest.xml:17:1-22:12
MERGED from [:@react-native-community_geolocation] AndroidManifest.xml:2:1-9:12
MERGED from [:react-native-fbsdk] AndroidManifest.xml:21:1-30:12
MERGED from [:react-native-geolocation-service] AndroidManifest.xml:2:1-14:12
MERGED from [:react-native-google-signin] AndroidManifest.xml:2:1-11:12
MERGED from [:react-native-image-crop-picker] AndroidManifest.xml:2:1-28:12
MERGED from [:react-native-image-picker] AndroidManifest.xml:2:1-21:12
MERGED from [:react-native-kakao-logins] AndroidManifest.xml:2:1-31:12
MERGED from [:react-native-naver-login] AndroidManifest.xml:2:1-21:12
MERGED from [:react-native-sparkbutton] AndroidManifest.xml:2:1-11:12
MERGED from [:react-native-spinkit] AndroidManifest.xml:2:1-16:12
MERGED from [:rn-fetch-blob] AndroidManifest.xml:2:1-47:12
MERGED from [com.facebook.react:react-native:0.60.4] AndroidManifest.xml:2:1-13:12
MERGED from [com.facebook.android:facebook-android-sdk:4.42.0] AndroidManifest.xml:21:1-31:12
MERGED from [com.google.android.gms:play-services-auth:17.0.0] AndroidManifest.xml:17:1-39:12
MERGED from [org.webkit:android-jsc:r245459] AndroidManifest.xml:2:1-11:12
MERGED from [:react-native-gesture-handler] AndroidManifest.xml:2:1-11:12
MERGED from [com.facebook.android:facebook-login:5.5.1] AndroidManifest.xml:21:1-31:12
MERGED from [com.facebook.android:facebook-share:5.5.1] AndroidManifest.xml:21:1-31:12
MERGED from [com.github.yalantis:ucrop:2.2.2-native] AndroidManifest.xml:2:1-11:12
MERGED from [com.naver.nid:naveridlogin-android-sdk:4.2.5] AndroidManifest.xml:2:1-43:12
MERGED from [com.github.varunest:sparkbutton:1.0.5] AndroidManifest.xml:2:1-17:12
MERGED from [com.facebook.android:facebook-common:5.5.1] AndroidManifest.xml:21:1-37:12
MERGED from [androidx.appcompat:appcompat:1.0.2] AndroidManifest.xml:17:1-22:12
MERGED from [com.facebook.fresco:fresco:2.0.0] AndroidManifest.xml:2:1-9:12
MERGED from [com.facebook.fresco:imagepipeline-okhttp3:2.0.0] AndroidManifest.xml:2:1-9:12
MERGED from [com.facebook.fresco:drawee:2.0.0] AndroidManifest.xml:2:1-9:12
MERGED from [com.facebook.fresco:nativeimagefilters:2.0.0] AndroidManifest.xml:2:1-9:12
MERGED from [com.facebook.fresco:imagepipeline:2.0.0] AndroidManifest.xml:2:1-9:12
MERGED from [com.facebook.fresco:nativeimagetranscoder:2.0.0] AndroidManifest.xml:2:1-9:12
MERGED from [com.facebook.fresco:imagepipeline-base:2.0.0] AndroidManifest.xml:2:1-9:12
MERGED from [com.facebook.soloader:soloader:0.6.0] AndroidManifest.xml:2:1-13:12
MERGED from [com.facebook.android:facebook-places:4.42.0] AndroidManifest.xml:21:1-31:12
MERGED from [com.facebook.android:facebook-applinks:4.42.0] AndroidManifest.xml:21:1-31:12
MERGED from [com.facebook.android:facebook-messenger:4.42.0] AndroidManifest.xml:21:1-31:12
MERGED from [com.facebook.android:facebook-core:5.5.1] AndroidManifest.xml:21:1-61:12
MERGED from [com.google.android.gms:play-services-auth-api-phone:17.0.0] AndroidManifest.xml:2:1-7:12
MERGED from [com.google.android.gms:play-services-auth-base:17.0.0] AndroidManifest.xml:2:1-7:12
MERGED from [com.google.android.gms:play-services-location:16.0.0] AndroidManifest.xml:2:1-9:12
MERGED from [com.google.android.gms:play-services-base:17.0.0] AndroidManifest.xml:17:1-29:12
MERGED from [com.google.android.gms:play-services-tasks:17.0.0] AndroidManifest.xml:2:1-9:12
MERGED from [com.google.android.gms:play-services-places-placereport:16.0.0] AndroidManifest.xml:17:1-24:12
MERGED from [com.google.android.gms:play-services-basement:17.0.0] AndroidManifest.xml:17:1-28:12
MERGED from [androidx.legacy:legacy-support-v4:1.0.0] AndroidManifest.xml:17:1-22:12
MERGED from [com.kakao.sdk:usermgmt:1.15.1] AndroidManifest.xml:2:1-14:12
MERGED from [com.kakao.sdk:auth:1.15.1] AndroidManifest.xml:2:1-22:12
MERGED from [androidx.fragment:fragment:1.0.0] AndroidManifest.xml:17:1-22:12
MERGED from [androidx.vectordrawable:vectordrawable-animated:1.0.0] AndroidManifest.xml:17:1-22:12
MERGED from [androidx.browser:browser:1.0.0] AndroidManifest.xml:17:1-22:12
MERGED from [androidx.legacy:legacy-support-core-ui:1.0.0] AndroidManifest.xml:17:1-22:12
MERGED from [androidx.legacy:legacy-support-core-utils:1.0.0] AndroidManifest.xml:17:1-22:12
MERGED from [androidx.loader:loader:1.0.0] AndroidManifest.xml:17:1-22:12
MERGED from [com.github.delight-im:Android-AdvancedWebView:v3.0.0] AndroidManifest.xml:2:1-11:12
MERGED from [com.github.ybq:Android-SpinKit:1.2.0] AndroidManifest.xml:2:1-9:12
MERGED from [androidx.vectordrawable:vectordrawable:1.0.1] AndroidManifest.xml:17:1-22:12
MERGED from [androidx.media:media:1.0.0] AndroidManifest.xml:17:1-22:12
MERGED from [androidx.viewpager:viewpager:1.0.0] AndroidManifest.xml:17:1-22:12
MERGED from [androidx.coordinatorlayout:coordinatorlayout:1.0.0] AndroidManifest.xml:17:1-22:12
MERGED from [androidx.drawerlayout:drawerlayout:1.0.0] AndroidManifest.xml:17:1-22:12
MERGED from [androidx.slidingpanelayout:slidingpanelayout:1.0.0] AndroidManifest.xml:17:1-22:12
MERGED from [androidx.customview:customview:1.0.0] AndroidManifest.xml:17:1-22:12
MERGED from [androidx.swiperefreshlayout:swiperefreshlayout:1.0.0] AndroidManifest.xml:17:1-22:12
MERGED from [androidx.asynclayoutinflater:asynclayoutinflater:1.0.0] AndroidManifest.xml:17:1-22:12
MERGED from [androidx.core:core:1.0.1] AndroidManifest.xml:17:1-24:12
MERGED from [androidx.versionedparcelable:versionedparcelable:1.0.0] AndroidManifest.xml:17:1-25:12
MERGED from [androidx.cursoradapter:cursoradapter:1.0.0] AndroidManifest.xml:17:1-22:12
MERGED from [androidx.lifecycle:lifecycle-viewmodel:2.0.0] AndroidManifest.xml:17:1-22:12
MERGED from [androidx.lifecycle:lifecycle-runtime:2.0.0] AndroidManifest.xml:17:1-22:12
MERGED from [androidx.documentfile:documentfile:1.0.0] AndroidManifest.xml:17:1-22:12
MERGED from [androidx.localbroadcastmanager:localbroadcastmanager:1.0.0] AndroidManifest.xml:17:1-22:12
MERGED from [androidx.print:print:1.0.0] AndroidManifest.xml:17:1-22:12
MERGED from [androidx.interpolator:interpolator:1.0.0] AndroidManifest.xml:17:1-22:12
MERGED from [androidx.lifecycle:lifecycle-livedata:2.0.0] AndroidManifest.xml:17:1-22:12
MERGED from [androidx.lifecycle:lifecycle-livedata-core:2.0.0] AndroidManifest.xml:17:1-22:12
MERGED from [androidx.arch.core:core-runtime:2.0.0] AndroidManifest.xml:17:1-22:12
MERGED from [androidx.cardview:cardview:1.0.0] AndroidManifest.xml:17:1-22:12
MERGED from [com.kakao.sdk:network:1.15.1] AndroidManifest.xml:2:1-11:12
MERGED from [com.kakao.sdk:common:1.15.1] AndroidManifest.xml:2:1-11:12
MERGED from [com.facebook.fresco:fbcore:2.0.0] AndroidManifest.xml:2:1-9:12
MERGED from [com.kakao.sdk:util:1.15.1] AndroidManifest.xml:2:1-14:12
INJECTED from src/debug/AndroidManifest.xml:2:1-8:12
INJECTED from src/debug/AndroidManifest.xml:2:1-8:12
INJECTED from src/debug/AndroidManifest.xml:2:1-8:12
	package
		ADDED from src/main/AndroidManifest.xml:2:3-24
		INJECTED from src/main/AndroidManifest.xml
		ADDED from src/main/AndroidManifest.xml:2:3-24
		INJECTED from src/debug/AndroidManifest.xml
	android:versionName
		INJECTED from src/main/AndroidManifest.xml
		ADDED from src/main/AndroidManifest.xml:1:1-43:12
		INJECTED from src/debug/AndroidManifest.xml
	xmlns:tools
		ADDED from src/debug/AndroidManifest.xml:3:5-51
	android:versionCode
		INJECTED from src/main/AndroidManifest.xml
		ADDED from src/main/AndroidManifest.xml:1:1-43:12
		INJECTED from src/debug/AndroidManifest.xml
	xmlns:android
		ADDED from src/main/AndroidManifest.xml:1:11-69
uses-permission#android.permission.INTERNET
ADDED from src/main/AndroidManifest.xml:5:5-67
MERGED from [:react-native-geolocation-service] AndroidManifest.xml:9:5-67
MERGED from [:react-native-geolocation-service] AndroidManifest.xml:9:5-67
MERGED from [:react-native-kakao-logins] AndroidManifest.xml:11:5-67
MERGED from [:react-native-kakao-logins] AndroidManifest.xml:11:5-67
MERGED from [:react-native-naver-login] AndroidManifest.xml:11:5-67
MERGED from [:react-native-naver-login] AndroidManifest.xml:11:5-67
MERGED from [:rn-fetch-blob] AndroidManifest.xml:15:5-67
MERGED from [:rn-fetch-blob] AndroidManifest.xml:15:5-67
MERGED from [com.naver.nid:naveridlogin-android-sdk:4.2.5] AndroidManifest.xml:14:5-67
MERGED from [com.naver.nid:naveridlogin-android-sdk:4.2.5] AndroidManifest.xml:14:5-67
	android:name
		ADDED from src/main/AndroidManifest.xml:5:22-64
uses-permission#android.permission.CAMERA
ADDED from src/main/AndroidManifest.xml:6:5-65
	android:name
		ADDED from src/main/AndroidManifest.xml:6:22-62
uses-permission#android.permission.WRITE_EXTERNAL_STORAGE
ADDED from src/main/AndroidManifest.xml:7:5-80
MERGED from [:react-native-image-crop-picker] AndroidManifest.xml:10:5-81
MERGED from [:react-native-image-crop-picker] AndroidManifest.xml:10:5-81
MERGED from [:rn-fetch-blob] AndroidManifest.xml:33:5-81
MERGED from [:rn-fetch-blob] AndroidManifest.xml:33:5-81
	android:name
		ADDED from src/main/AndroidManifest.xml:7:22-78
uses-permission#android.permission.ACCESS_FINE_LOCATION
ADDED from src/main/AndroidManifest.xml:8:5-79
MERGED from [:react-native-geolocation-service] AndroidManifest.xml:12:5-79
MERGED from [:react-native-geolocation-service] AndroidManifest.xml:12:5-79
	android:name
		ADDED from src/main/AndroidManifest.xml:8:22-76
application
ADDED from src/main/AndroidManifest.xml:10:5-41:19
MERGED from src/main/AndroidManifest.xml:10:5-41:19
MERGED from src/main/AndroidManifest.xml:10:5-41:19
MERGED from [:react-native-fbsdk] AndroidManifest.xml:28:5-20
MERGED from [:react-native-fbsdk] AndroidManifest.xml:28:5-20
MERGED from [:react-native-image-crop-picker] AndroidManifest.xml:12:5-26:19
MERGED from [:react-native-image-crop-picker] AndroidManifest.xml:12:5-26:19
MERGED from [:react-native-image-picker] AndroidManifest.xml:9:5-19:19
MERGED from [:react-native-image-picker] AndroidManifest.xml:9:5-19:19
MERGED from [:react-native-kakao-logins] AndroidManifest.xml:13:5-29:19
MERGED from [:react-native-kakao-logins] AndroidManifest.xml:13:5-29:19
MERGED from [:react-native-naver-login] AndroidManifest.xml:14:5-19:19
MERGED from [:react-native-naver-login] AndroidManifest.xml:14:5-19:19
MERGED from [:react-native-spinkit] AndroidManifest.xml:11:5-14:19
MERGED from [:react-native-spinkit] AndroidManifest.xml:11:5-14:19
MERGED from [:rn-fetch-blob] AndroidManifest.xml:35:5-45:19
MERGED from [:rn-fetch-blob] AndroidManifest.xml:35:5-45:19
MERGED from [com.facebook.react:react-native:0.60.4] AndroidManifest.xml:11:5-20
MERGED from [com.facebook.react:react-native:0.60.4] AndroidManifest.xml:11:5-20
MERGED from [com.facebook.android:facebook-android-sdk:4.42.0] AndroidManifest.xml:28:5-29:19
MERGED from [com.facebook.android:facebook-android-sdk:4.42.0] AndroidManifest.xml:28:5-29:19
MERGED from [com.google.android.gms:play-services-auth:17.0.0] AndroidManifest.xml:22:5-37:19
MERGED from [com.google.android.gms:play-services-auth:17.0.0] AndroidManifest.xml:22:5-37:19
MERGED from [com.facebook.android:facebook-login:5.5.1] AndroidManifest.xml:28:5-29:19
MERGED from [com.facebook.android:facebook-login:5.5.1] AndroidManifest.xml:28:5-29:19
MERGED from [com.facebook.android:facebook-share:5.5.1] AndroidManifest.xml:28:5-29:19
MERGED from [com.facebook.android:facebook-share:5.5.1] AndroidManifest.xml:28:5-29:19
MERGED from [com.naver.nid:naveridlogin-android-sdk:4.2.5] AndroidManifest.xml:16:5-41:19
MERGED from [com.naver.nid:naveridlogin-android-sdk:4.2.5] AndroidManifest.xml:16:5-41:19
MERGED from [com.github.varunest:sparkbutton:1.0.5] AndroidManifest.xml:11:5-15:19
MERGED from [com.github.varunest:sparkbutton:1.0.5] AndroidManifest.xml:11:5-15:19
MERGED from [com.facebook.android:facebook-common:5.5.1] AndroidManifest.xml:28:5-35:19
MERGED from [com.facebook.android:facebook-common:5.5.1] AndroidManifest.xml:28:5-35:19
MERGED from [com.facebook.soloader:soloader:0.6.0] AndroidManifest.xml:11:5-20
MERGED from [com.facebook.soloader:soloader:0.6.0] AndroidManifest.xml:11:5-20
MERGED from [com.facebook.android:facebook-places:4.42.0] AndroidManifest.xml:28:5-29:19
MERGED from [com.facebook.android:facebook-places:4.42.0] AndroidManifest.xml:28:5-29:19
MERGED from [com.facebook.android:facebook-applinks:4.42.0] AndroidManifest.xml:28:5-29:19
MERGED from [com.facebook.android:facebook-applinks:4.42.0] AndroidManifest.xml:28:5-29:19
MERGED from [com.facebook.android:facebook-messenger:4.42.0] AndroidManifest.xml:28:5-29:19
MERGED from [com.facebook.android:facebook-messenger:4.42.0] AndroidManifest.xml:28:5-29:19
MERGED from [com.facebook.android:facebook-core:5.5.1] AndroidManifest.xml:28:5-59:19
MERGED from [com.facebook.android:facebook-core:5.5.1] AndroidManifest.xml:28:5-59:19
MERGED from [com.google.android.gms:play-services-location:16.0.0] AndroidManifest.xml:7:5-20
MERGED from [com.google.android.gms:play-services-location:16.0.0] AndroidManifest.xml:7:5-20
MERGED from [com.google.android.gms:play-services-base:17.0.0] AndroidManifest.xml:22:5-27:19
MERGED from [com.google.android.gms:play-services-base:17.0.0] AndroidManifest.xml:22:5-27:19
MERGED from [com.google.android.gms:play-services-tasks:17.0.0] AndroidManifest.xml:7:5-20
MERGED from [com.google.android.gms:play-services-tasks:17.0.0] AndroidManifest.xml:7:5-20
MERGED from [com.google.android.gms:play-services-places-placereport:16.0.0] AndroidManifest.xml:22:5-20
MERGED from [com.google.android.gms:play-services-places-placereport:16.0.0] AndroidManifest.xml:22:5-20
MERGED from [com.google.android.gms:play-services-basement:17.0.0] AndroidManifest.xml:22:5-26:19
MERGED from [com.google.android.gms:play-services-basement:17.0.0] AndroidManifest.xml:22:5-26:19
MERGED from [com.kakao.sdk:auth:1.15.1] AndroidManifest.xml:11:5-20:19
MERGED from [com.kakao.sdk:auth:1.15.1] AndroidManifest.xml:11:5-20:19
MERGED from [com.github.delight-im:Android-AdvancedWebView:v3.0.0] AndroidManifest.xml:9:5-20
MERGED from [com.github.delight-im:Android-AdvancedWebView:v3.0.0] AndroidManifest.xml:9:5-20
MERGED from [androidx.core:core:1.0.1] AndroidManifest.xml:22:5-89
MERGED from [androidx.core:core:1.0.1] AndroidManifest.xml:22:5-89
MERGED from [androidx.versionedparcelable:versionedparcelable:1.0.0] AndroidManifest.xml:22:5-23:19
MERGED from [androidx.versionedparcelable:versionedparcelable:1.0.0] AndroidManifest.xml:22:5-23:19
	android:appComponentFactory
		ADDED from [androidx.core:core:1.0.1] AndroidManifest.xml:22:18-86
	android:supportsRtl
		ADDED from [:react-native-kakao-logins] AndroidManifest.xml:15:9-35
	android:label
		ADDED from src/main/AndroidManifest.xml:12:7-39
		ADDED from src/main/AndroidManifest.xml:12:7-39
	tools:ignore
		ADDED from src/debug/AndroidManifest.xml:7:75-114
	android:roundIcon
		ADDED from src/main/AndroidManifest.xml:14:7-52
		ADDED from src/main/AndroidManifest.xml:14:7-52
	tools:targetApi
		ADDED from src/debug/AndroidManifest.xml:7:54-74
	android:icon
		ADDED from src/main/AndroidManifest.xml:13:7-41
		ADDED from src/main/AndroidManifest.xml:13:7-41
	android:allowBackup
		ADDED from src/main/AndroidManifest.xml:15:7-33
		ADDED from src/main/AndroidManifest.xml:15:7-33
	android:theme
		ADDED from src/main/AndroidManifest.xml:16:7-38
		ADDED from src/main/AndroidManifest.xml:16:7-38
	android:usesCleartextTraffic
		ADDED from src/debug/AndroidManifest.xml:7:18-53
	android:name
		ADDED from src/main/AndroidManifest.xml:11:7-38
		ADDED from src/main/AndroidManifest.xml:11:7-38
meta-data#com.facebook.sdk.ApplicationId
ADDED from src/main/AndroidManifest.xml:18:7-105
	android:value
		ADDED from src/main/AndroidManifest.xml:18:64-103
	android:name
		ADDED from src/main/AndroidManifest.xml:18:18-63
activity#com.facebook.FacebookActivity
ADDED from src/main/AndroidManifest.xml:19:7-182
MERGED from [com.facebook.android:facebook-common:5.5.1] AndroidManifest.xml:29:9-32:66
MERGED from [com.facebook.android:facebook-common:5.5.1] AndroidManifest.xml:29:9-32:66
	android:label
		ADDED from src/main/AndroidManifest.xml:19:147-179
	android:configChanges
		ADDED from src/main/AndroidManifest.xml:19:62-146
	android:theme
		ADDED from [com.facebook.android:facebook-common:5.5.1] AndroidManifest.xml:32:13-63
	android:name
		ADDED from src/main/AndroidManifest.xml:19:17-61
activity#com.facebook.CustomTabActivity
ADDED from src/main/AndroidManifest.xml:20:7-27:18
MERGED from [com.facebook.android:facebook-common:5.5.1] AndroidManifest.xml:34:9-67
MERGED from [com.facebook.android:facebook-common:5.5.1] AndroidManifest.xml:34:9-67
	android:exported
		ADDED from src/main/AndroidManifest.xml:20:63-86
	android:name
		ADDED from src/main/AndroidManifest.xml:20:17-62
intent-filter#action:name:android.intent.action.VIEW+category:name:android.intent.category.BROWSABLE+category:name:android.intent.category.DEFAULT+data:scheme:@string/fb_login_protocol_scheme
ADDED from src/main/AndroidManifest.xml:21:7-26:23
action#android.intent.action.VIEW
ADDED from src/main/AndroidManifest.xml:22:8-60
	android:name
		ADDED from src/main/AndroidManifest.xml:22:16-57
category#android.intent.category.DEFAULT
ADDED from src/main/AndroidManifest.xml:23:7-66
	android:name
		ADDED from src/main/AndroidManifest.xml:23:17-63
category#android.intent.category.BROWSABLE
ADDED from src/main/AndroidManifest.xml:24:7-68
	android:name
		ADDED from src/main/AndroidManifest.xml:24:17-65
data
ADDED from src/main/AndroidManifest.xml:25:7-65
	android:scheme
		ADDED from src/main/AndroidManifest.xml:25:13-62
activity#com.dateapp.MainActivity
ADDED from src/main/AndroidManifest.xml:29:7-38:18
	android:label
		ADDED from src/main/AndroidManifest.xml:31:9-41
	android:windowSoftInputMode
		ADDED from src/main/AndroidManifest.xml:33:9-51
	android:configChanges
		ADDED from src/main/AndroidManifest.xml:32:9-79
	android:name
		ADDED from src/main/AndroidManifest.xml:30:9-37
intent-filter#action:name:android.intent.action.MAIN+category:name:android.intent.category.LAUNCHER
ADDED from src/main/AndroidManifest.xml:34:9-37:25
action#android.intent.action.MAIN
ADDED from src/main/AndroidManifest.xml:35:13-65
	android:name
		ADDED from src/main/AndroidManifest.xml:35:21-62
category#android.intent.category.LAUNCHER
ADDED from src/main/AndroidManifest.xml:36:13-73
	android:name
		ADDED from src/main/AndroidManifest.xml:36:23-70
activity#com.facebook.react.devsupport.DevSettingsActivity
ADDED from src/main/AndroidManifest.xml:39:7-84
	android:name
		ADDED from src/main/AndroidManifest.xml:39:17-81
meta-data#com.kakao.sdk.AppKey
ADDED from src/main/AndroidManifest.xml:40:8-94
MERGED from [:react-native-kakao-logins] AndroidManifest.xml:19:9-21:53
MERGED from [:react-native-kakao-logins] AndroidManifest.xml:19:9-21:53
	android:value
		ADDED from src/main/AndroidManifest.xml:40:55-92
	android:name
		ADDED from src/main/AndroidManifest.xml:40:19-54
uses-sdk
INJECTED from src/main/AndroidManifest.xml reason: use-sdk injection requested
INJECTED from src/main/AndroidManifest.xml
INJECTED from src/main/AndroidManifest.xml
MERGED from [:react-native-oauth] AndroidManifest.xml:7:5-9:41
MERGED from [:react-native-oauth] AndroidManifest.xml:7:5-9:41
MERGED from [androidx.multidex:multidex:2.0.0] AndroidManifest.xml:20:5-43
MERGED from [androidx.multidex:multidex:2.0.0] AndroidManifest.xml:20:5-43
MERGED from [:@react-native-community_geolocation] AndroidManifest.xml:5:5-7:41
MERGED from [:@react-native-community_geolocation] AndroidManifest.xml:5:5-7:41
MERGED from [:react-native-fbsdk] AndroidManifest.xml:24:5-26:41
MERGED from [:react-native-fbsdk] AndroidManifest.xml:24:5-26:41
MERGED from [:react-native-geolocation-service] AndroidManifest.xml:5:5-7:41
MERGED from [:react-native-geolocation-service] AndroidManifest.xml:5:5-7:41
MERGED from [:react-native-google-signin] AndroidManifest.xml:7:5-9:41
MERGED from [:react-native-google-signin] AndroidManifest.xml:7:5-9:41
MERGED from [:react-native-image-crop-picker] AndroidManifest.xml:6:5-8:41
MERGED from [:react-native-image-crop-picker] AndroidManifest.xml:6:5-8:41
MERGED from [:react-native-image-picker] AndroidManifest.xml:5:5-7:41
MERGED from [:react-native-image-picker] AndroidManifest.xml:5:5-7:41
MERGED from [:react-native-kakao-logins] AndroidManifest.xml:7:5-9:41
MERGED from [:react-native-kakao-logins] AndroidManifest.xml:7:5-9:41
MERGED from [:react-native-naver-login] AndroidManifest.xml:7:5-9:41
MERGED from [:react-native-naver-login] AndroidManifest.xml:7:5-9:41
MERGED from [:react-native-sparkbutton] AndroidManifest.xml:7:5-9:41
MERGED from [:react-native-sparkbutton] AndroidManifest.xml:7:5-9:41
MERGED from [:react-native-spinkit] AndroidManifest.xml:7:5-9:41
MERGED from [:react-native-spinkit] AndroidManifest.xml:7:5-9:41
MERGED from [:rn-fetch-blob] AndroidManifest.xml:7:5-9:41
MERGED from [:rn-fetch-blob] AndroidManifest.xml:7:5-9:41
MERGED from [com.facebook.react:react-native:0.60.4] AndroidManifest.xml:7:5-9:41
MERGED from [com.facebook.react:react-native:0.60.4] AndroidManifest.xml:7:5-9:41
MERGED from [com.facebook.android:facebook-android-sdk:4.42.0] AndroidManifest.xml:24:5-26:41
MERGED from [com.facebook.android:facebook-android-sdk:4.42.0] AndroidManifest.xml:24:5-26:41
MERGED from [com.google.android.gms:play-services-auth:17.0.0] AndroidManifest.xml:20:5-44
MERGED from [com.google.android.gms:play-services-auth:17.0.0] AndroidManifest.xml:20:5-44
MERGED from [org.webkit:android-jsc:r245459] AndroidManifest.xml:7:5-9:41
MERGED from [org.webkit:android-jsc:r245459] AndroidManifest.xml:7:5-9:41
MERGED from [:react-native-gesture-handler] AndroidManifest.xml:7:5-9:41
MERGED from [:react-native-gesture-handler] AndroidManifest.xml:7:5-9:41
MERGED from [com.facebook.android:facebook-login:5.5.1] AndroidManifest.xml:24:5-26:41
MERGED from [com.facebook.android:facebook-login:5.5.1] AndroidManifest.xml:24:5-26:41
MERGED from [com.facebook.android:facebook-share:5.5.1] AndroidManifest.xml:24:5-26:41
MERGED from [com.facebook.android:facebook-share:5.5.1] AndroidManifest.xml:24:5-26:41
MERGED from [com.github.yalantis:ucrop:2.2.2-native] AndroidManifest.xml:7:5-9:41
MERGED from [com.github.yalantis:ucrop:2.2.2-native] AndroidManifest.xml:7:5-9:41
MERGED from [com.naver.nid:naveridlogin-android-sdk:4.2.5] AndroidManifest.xml:8:5-11:52
MERGED from [com.naver.nid:naveridlogin-android-sdk:4.2.5] AndroidManifest.xml:8:5-11:52
MERGED from [com.github.varunest:sparkbutton:1.0.5] AndroidManifest.xml:7:5-9:41
MERGED from [com.github.varunest:sparkbutton:1.0.5] AndroidManifest.xml:7:5-9:41
MERGED from [com.facebook.android:facebook-common:5.5.1] AndroidManifest.xml:24:5-26:41
MERGED from [com.facebook.android:facebook-common:5.5.1] AndroidManifest.xml:24:5-26:41
MERGED from [androidx.appcompat:appcompat:1.0.2] AndroidManifest.xml:20:5-44
MERGED from [androidx.appcompat:appcompat:1.0.2] AndroidManifest.xml:20:5-44
MERGED from [com.facebook.fresco:fresco:2.0.0] AndroidManifest.xml:5:5-7:41
MERGED from [com.facebook.fresco:fresco:2.0.0] AndroidManifest.xml:5:5-7:41
MERGED from [com.facebook.fresco:imagepipeline-okhttp3:2.0.0] AndroidManifest.xml:5:5-7:41
MERGED from [com.facebook.fresco:imagepipeline-okhttp3:2.0.0] AndroidManifest.xml:5:5-7:41
MERGED from [com.facebook.fresco:drawee:2.0.0] AndroidManifest.xml:5:5-7:41
MERGED from [com.facebook.fresco:drawee:2.0.0] AndroidManifest.xml:5:5-7:41
MERGED from [com.facebook.fresco:nativeimagefilters:2.0.0] AndroidManifest.xml:5:5-7:41
MERGED from [com.facebook.fresco:nativeimagefilters:2.0.0] AndroidManifest.xml:5:5-7:41
MERGED from [com.facebook.fresco:imagepipeline:2.0.0] AndroidManifest.xml:5:5-7:41
MERGED from [com.facebook.fresco:imagepipeline:2.0.0] AndroidManifest.xml:5:5-7:41
MERGED from [com.facebook.fresco:nativeimagetranscoder:2.0.0] AndroidManifest.xml:5:5-7:41
MERGED from [com.facebook.fresco:nativeimagetranscoder:2.0.0] AndroidManifest.xml:5:5-7:41
MERGED from [com.facebook.fresco:imagepipeline-base:2.0.0] AndroidManifest.xml:5:5-7:41
MERGED from [com.facebook.fresco:imagepipeline-base:2.0.0] AndroidManifest.xml:5:5-7:41
MERGED from [com.facebook.soloader:soloader:0.6.0] AndroidManifest.xml:7:5-9:41
MERGED from [com.facebook.soloader:soloader:0.6.0] AndroidManifest.xml:7:5-9:41
MERGED from [com.facebook.android:facebook-places:4.42.0] AndroidManifest.xml:24:5-26:41
MERGED from [com.facebook.android:facebook-places:4.42.0] AndroidManifest.xml:24:5-26:41
MERGED from [com.facebook.android:facebook-applinks:4.42.0] AndroidManifest.xml:24:5-26:41
MERGED from [com.facebook.android:facebook-applinks:4.42.0] AndroidManifest.xml:24:5-26:41
MERGED from [com.facebook.android:facebook-messenger:4.42.0] AndroidManifest.xml:24:5-26:41
MERGED from [com.facebook.android:facebook-messenger:4.42.0] AndroidManifest.xml:24:5-26:41
MERGED from [com.facebook.android:facebook-core:5.5.1] AndroidManifest.xml:24:5-26:41
MERGED from [com.facebook.android:facebook-core:5.5.1] AndroidManifest.xml:24:5-26:41
MERGED from [com.google.android.gms:play-services-auth-api-phone:17.0.0] AndroidManifest.xml:5:5-44
MERGED from [com.google.android.gms:play-services-auth-api-phone:17.0.0] AndroidManifest.xml:5:5-44
MERGED from [com.google.android.gms:play-services-auth-base:17.0.0] AndroidManifest.xml:5:5-44
MERGED from [com.google.android.gms:play-services-auth-base:17.0.0] AndroidManifest.xml:5:5-44
MERGED from [com.google.android.gms:play-services-location:16.0.0] AndroidManifest.xml:5:5-44
MERGED from [com.google.android.gms:play-services-location:16.0.0] AndroidManifest.xml:5:5-44
MERGED from [com.google.android.gms:play-services-base:17.0.0] AndroidManifest.xml:20:5-44
MERGED from [com.google.android.gms:play-services-base:17.0.0] AndroidManifest.xml:20:5-44
MERGED from [com.google.android.gms:play-services-tasks:17.0.0] AndroidManifest.xml:5:5-44
MERGED from [com.google.android.gms:play-services-tasks:17.0.0] AndroidManifest.xml:5:5-44
MERGED from [com.google.android.gms:play-services-places-placereport:16.0.0] AndroidManifest.xml:20:5-44
MERGED from [com.google.android.gms:play-services-places-placereport:16.0.0] AndroidManifest.xml:20:5-44
MERGED from [com.google.android.gms:play-services-basement:17.0.0] AndroidManifest.xml:20:5-44
MERGED from [com.google.android.gms:play-services-basement:17.0.0] AndroidManifest.xml:20:5-44
MERGED from [androidx.legacy:legacy-support-v4:1.0.0] AndroidManifest.xml:20:5-44
MERGED from [androidx.legacy:legacy-support-v4:1.0.0] AndroidManifest.xml:20:5-44
MERGED from [com.kakao.sdk:usermgmt:1.15.1] AndroidManifest.xml:10:5-12:41
MERGED from [com.kakao.sdk:usermgmt:1.15.1] AndroidManifest.xml:10:5-12:41
MERGED from [com.kakao.sdk:auth:1.15.1] AndroidManifest.xml:7:5-9:41
MERGED from [com.kakao.sdk:auth:1.15.1] AndroidManifest.xml:7:5-9:41
MERGED from [androidx.fragment:fragment:1.0.0] AndroidManifest.xml:20:5-44
MERGED from [androidx.fragment:fragment:1.0.0] AndroidManifest.xml:20:5-44
MERGED from [androidx.vectordrawable:vectordrawable-animated:1.0.0] AndroidManifest.xml:20:5-44
MERGED from [androidx.vectordrawable:vectordrawable-animated:1.0.0] AndroidManifest.xml:20:5-44
MERGED from [androidx.browser:browser:1.0.0] AndroidManifest.xml:20:5-44
MERGED from [androidx.browser:browser:1.0.0] AndroidManifest.xml:20:5-44
MERGED from [androidx.legacy:legacy-support-core-ui:1.0.0] AndroidManifest.xml:20:5-44
MERGED from [androidx.legacy:legacy-support-core-ui:1.0.0] AndroidManifest.xml:20:5-44
MERGED from [androidx.legacy:legacy-support-core-utils:1.0.0] AndroidManifest.xml:20:5-44
MERGED from [androidx.legacy:legacy-support-core-utils:1.0.0] AndroidManifest.xml:20:5-44
MERGED from [androidx.loader:loader:1.0.0] AndroidManifest.xml:20:5-44
MERGED from [androidx.loader:loader:1.0.0] AndroidManifest.xml:20:5-44
MERGED from [com.github.delight-im:Android-AdvancedWebView:v3.0.0] AndroidManifest.xml:5:5-7:41
MERGED from [com.github.delight-im:Android-AdvancedWebView:v3.0.0] AndroidManifest.xml:5:5-7:41
MERGED from [com.github.ybq:Android-SpinKit:1.2.0] AndroidManifest.xml:5:5-7:41
MERGED from [com.github.ybq:Android-SpinKit:1.2.0] AndroidManifest.xml:5:5-7:41
MERGED from [androidx.vectordrawable:vectordrawable:1.0.1] AndroidManifest.xml:20:5-44
MERGED from [androidx.vectordrawable:vectordrawable:1.0.1] AndroidManifest.xml:20:5-44
MERGED from [androidx.media:media:1.0.0] AndroidManifest.xml:20:5-44
MERGED from [androidx.media:media:1.0.0] AndroidManifest.xml:20:5-44
MERGED from [androidx.viewpager:viewpager:1.0.0] AndroidManifest.xml:20:5-44
MERGED from [androidx.viewpager:viewpager:1.0.0] AndroidManifest.xml:20:5-44
MERGED from [androidx.coordinatorlayout:coordinatorlayout:1.0.0] AndroidManifest.xml:20:5-44
MERGED from [androidx.coordinatorlayout:coordinatorlayout:1.0.0] AndroidManifest.xml:20:5-44
MERGED from [androidx.drawerlayout:drawerlayout:1.0.0] AndroidManifest.xml:20:5-44
MERGED from [androidx.drawerlayout:drawerlayout:1.0.0] AndroidManifest.xml:20:5-44
MERGED from [androidx.slidingpanelayout:slidingpanelayout:1.0.0] AndroidManifest.xml:20:5-44
MERGED from [androidx.slidingpanelayout:slidingpanelayout:1.0.0] AndroidManifest.xml:20:5-44
MERGED from [androidx.customview:customview:1.0.0] AndroidManifest.xml:20:5-44
MERGED from [androidx.customview:customview:1.0.0] AndroidManifest.xml:20:5-44
MERGED from [androidx.swiperefreshlayout:swiperefreshlayout:1.0.0] AndroidManifest.xml:20:5-44
MERGED from [androidx.swiperefreshlayout:swiperefreshlayout:1.0.0] AndroidManifest.xml:20:5-44
MERGED from [androidx.asynclayoutinflater:asynclayoutinflater:1.0.0] AndroidManifest.xml:20:5-44
MERGED from [androidx.asynclayoutinflater:asynclayoutinflater:1.0.0] AndroidManifest.xml:20:5-44
MERGED from [androidx.core:core:1.0.1] AndroidManifest.xml:20:5-44